i:\c++\tcpclient\tcpclient\x64\debug\main.obj
i:\c++\tcpclient\tcpclient\x64\debug\qrc_mainwindow.obj
i:\c++\tcpclient\tcpclient\x64\debug\mainwindow.obj
i:\c++\tcpclient\tcpclient\x64\debug\logindialog.obj
i:\c++\tcpclient\tcpclient\x64\debug\recthread.obj
i:\c++\tcpclient\tcpclient\x64\debug\vc141.pdb
i:\c++\tcpclient\tcpclient\x64\debug\moc_logindialog.obj
i:\c++\tcpclient\tcpclient\x64\debug\moc_mainwindow.obj
i:\c++\tcpclient\tcpclient\x64\debug\moc_recthread.obj
i:\c++\tcpclient\x64\debug\tcpclient.exe
i:\c++\tcpclient\x64\debug\tcpclient.ilk
i:\c++\tcpclient\x64\debug\tcpclient.pdb
i:\c++\tcpclient\tcpclient\generatedfiles\debug\moc_mainwindow.cpp
i:\c++\tcpclient\tcpclient\generatedfiles\qrc_mainwindow.cpp
i:\c++\tcpclient\tcpclient\generatedfiles\ui_mainwindow.h
i:\c++\tcpclient\tcpclient\generatedfiles\debug\moc_logindialog.cpp
i:\c++\tcpclient\tcpclient\generatedfiles\debug\moc_recthread.cpp
i:\c++\tcpclient\tcpclient\generatedfiles\ui_logindialog.h
i:\c++\tcpclient\tcpclient\x64\debug\tcpclient.tlog\cl.command.1.tlog
i:\c++\tcpclient\tcpclient\x64\debug\tcpclient.tlog\cl.read.1.tlog
i:\c++\tcpclient\tcpclient\x64\debug\tcpclient.tlog\cl.write.1.tlog
i:\c++\tcpclient\tcpclient\x64\debug\tcpclient.tlog\link.command.1.tlog
i:\c++\tcpclient\tcpclient\x64\debug\tcpclient.tlog\link.read.1.tlog
i:\c++\tcpclient\tcpclient\x64\debug\tcpclient.tlog\link.write.1.tlog
i:\c++\tcpclient\tcpclient\x64\debug\tcpclient.tlog\tcpclient.write.1u.tlog
